\BOOKMARK [0][-]{chapter.1}{\376\377\000J\000o\000h\000d\000a\000n\000t\000o}{}% 1
\BOOKMARK [0][-]{chapter.2}{\376\377\000K\000e\000t\000t\000e\000r\000\344\000\040\000o\000h\000j\000e\000l\000m\000i\000s\000t\000o\000k\000e\000h\000i\000t\000y\000s\000\040\000j\000a\000\040\000o\000h\000j\000e\000l\000m\000i\000s\000t\000o\000a\000r\000k\000k\000i\000t\000e\000h\000t\000u\000u\000r\000i}{}% 2
\BOOKMARK [1][-]{section.2.1}{\376\377\000K\000e\000t\000t\000e\000r\000\344\000\040\000o\000h\000j\000e\000l\000m\000i\000s\000t\000o\000k\000e\000h\000i\000t\000y\000s\000\040\000j\000a\000\040\000a\000r\000k\000k\000i\000t\000e\000h\000t\000u\000u\000r\000i\000\040\000-\000\040\000h\000a\000a\000s\000t\000e\000e\000t}{chapter.2}% 3
\BOOKMARK [1][-]{section.2.2}{\376\377\000K\000e\000t\000t\000e\000r\000\344\000\040\000a\000r\000k\000k\000i\000t\000e\000h\000t\000u\000u\000r\000i}{chapter.2}% 4
\BOOKMARK [0][-]{chapter.3}{\376\377\000A\000r\000k\000k\000i\000t\000e\000h\000t\000u\000u\000r\000i\000s\000u\000u\000n\000n\000i\000t\000t\000e\000l\000u\000n\000\040\000a\000j\000o\000i\000t\000u\000s}{}% 5
\BOOKMARK [1][-]{section.3.1}{\376\377\000R\000i\000s\000k\000i\000n\000\040\000v\000a\000i\000k\000u\000t\000u\000s}{chapter.3}% 6
\BOOKMARK [1][-]{section.3.2}{\376\377\000R\000i\000s\000k\000i\000n\000\040\000t\000u\000n\000n\000i\000s\000t\000a\000m\000i\000n\000e\000n}{chapter.3}% 7
\BOOKMARK [1][-]{section.3.3}{\376\377\000V\000a\000a\000t\000i\000m\000u\000s\000t\000e\000n\000\040\000e\000p\000\344\000v\000a\000k\000a\000u\000d\000e\000n\000\040\000v\000a\000i\000k\000u\000t\000u\000s}{chapter.3}% 8
\BOOKMARK [1][-]{section.3.4}{\376\377\000M\000u\000u\000t\000o\000k\000s\000e\000e\000n\000\040\000v\000a\000s\000t\000a\000a\000m\000i\000n\000e\000n}{chapter.3}% 9
\BOOKMARK [1][-]{section.3.5}{\376\377\000T\000i\000i\000m\000i\000n\000\040\000k\000u\000l\000t\000t\000u\000u\000r\000i\000n\000\040\000j\000a\000\040\000k\000o\000k\000e\000m\000u\000k\000s\000e\000n\000\040\000v\000a\000i\000k\000u\000t\000u\000s}{chapter.3}% 10
\BOOKMARK [1][-]{section.3.6}{\376\377\000A\000s\000i\000a\000k\000k\000a\000a\000n\000\040\000v\000a\000i\000k\000u\000t\000u\000s}{chapter.3}% 11
\BOOKMARK [0][-]{chapter.4}{\376\377\000A\000r\000k\000k\000i\000t\000e\000h\000t\000u\000r\000o\000i\000n\000n\000i\000n\000\040\000k\000\344\000y\000t\000\344\000n\000t\000e\000e\000t}{}% 12
\BOOKMARK [1][-]{section.4.1}{\376\377\000B\000i\000g\000\040\000D\000e\000s\000i\000g\000n\000\040\000U\000p\000\040\000F\000r\000o\000n\000t}{chapter.4}% 13
\BOOKMARK [1][-]{section.4.2}{\376\377\000S\000p\000r\000i\000n\000t\000\040\0000}{chapter.4}% 14
\BOOKMARK [1][-]{section.4.3}{\376\377\000I\000n\000k\000r\000e\000m\000e\000n\000t\000a\000a\000l\000i\000n\000e\000n\000\040\000a\000r\000k\000k\000i\000t\000e\000h\000t\000u\000u\000r\000i}{chapter.4}% 15
\BOOKMARK [1][-]{section.4.4}{\376\377\000M\000a\000l\000l\000i\000a\000r\000k\000k\000i\000t\000e\000h\000t\000u\000u\000r\000i\000t}{chapter.4}% 16
\BOOKMARK [0][-]{chapter.5}{\376\377\000A\000r\000k\000k\000i\000t\000e\000h\000d\000i\000n\000\040\000r\000o\000o\000l\000i}{}% 17
\BOOKMARK [1][-]{section.5.1}{\376\377\000D\000o\000k\000u\000m\000e\000n\000t\000a\000a\000t\000i\000o}{chapter.5}% 18
\BOOKMARK [0][-]{chapter.6}{\376\377\000Y\000h\000t\000e\000e\000n\000v\000e\000t\000o}{}% 19
\BOOKMARK [0][-]{section*.1}{\376\377\000L\000\344\000h\000t\000e\000e\000t}{}% 20
\BOOKMARK [0][-]{appendix.A}{\376\377\000S\000a\000m\000p\000l\000e\000\040\000A\000p\000p\000e\000n\000d\000i\000x}{}% 21
